<?xml version="1.0" encoding="UTF-8"?>
<testng-results skipped="0" failed="0" ignored="0" total="5" passed="5">
  <reporter-output>
  </reporter-output>
  <suite name="Default suite" duration-ms="79105" started-at="2022-03-10T00:25:30 MST" finished-at="2022-03-10T00:26:49 MST">
    <groups>
      <group name="cucumber">
        <method signature="AbstractTestNGCucumberTests.runScenario(cucumber.api.testng.PickleEventWrapper, cucumber.api.testng.CucumberFeatureWrapper)[pri:0, instance:steps.TestRunner@27a5f880]" name="runScenario" class="cucumber.api.testng.AbstractTestNGCucumberTests"/>
      </group> <!-- cucumber -->
    </groups>
    <test name="Default test" duration-ms="79105" started-at="2022-03-10T00:25:30 MST" finished-at="2022-03-10T00:26:49 MST">
      <class name="steps.TestRunner">
        <test-method status="PASS" signature="setUpClass()[pri:0, instance:steps.TestRunner@27a5f880]" name="setUpClass" is-config="true" duration-ms="102" started-at="2022-03-10T00:25:30 MST" finished-at="2022-03-10T00:25:30 MST">
          <reporter-output>
          </reporter-output>
        </test-method> <!-- setUpClass -->
        <test-method status="PASS" signature="runScenario(cucumber.api.testng.PickleEventWrapper, cucumber.api.testng.CucumberFeatureWrapper)[pri:0, instance:steps.TestRunner@27a5f880]" name="runScenario" duration-ms="6553" started-at="2022-03-10T00:25:30 MST" description="Runs Cucumber Scenarios" data-provider="scenarios" finished-at="2022-03-10T00:25:37 MST">
          <params>
            <param index="0">
              <value>
                <![CDATA["TC001_Login and Logout"]]>
              </value>
            </param>
            <param index="1">
              <value>
                <![CDATA["Automate TestLeaf Application"]]>
              </value>
            </param>
          </params>
          <reporter-output>
          </reporter-output>
        </test-method> <!-- runScenario -->
        <test-method status="PASS" signature="runScenario(cucumber.api.testng.PickleEventWrapper, cucumber.api.testng.CucumberFeatureWrapper)[pri:0, instance:steps.TestRunner@27a5f880]" name="runScenario" duration-ms="4446" started-at="2022-03-10T00:25:37 MST" description="Runs Cucumber Scenarios" data-provider="scenarios" finished-at="2022-03-10T00:25:41 MST">
          <params>
            <param index="0">
              <value>
                <![CDATA["TC001_Login and Logout"]]>
              </value>
            </param>
            <param index="1">
              <value>
                <![CDATA["Automate TestLeaf Application"]]>
              </value>
            </param>
          </params>
          <reporter-output>
          </reporter-output>
        </test-method> <!-- runScenario -->
        <test-method status="PASS" signature="runScenario(cucumber.api.testng.PickleEventWrapper, cucumber.api.testng.CucumberFeatureWrapper)[pri:0, instance:steps.TestRunner@27a5f880]" name="runScenario" duration-ms="23883" started-at="2022-03-10T00:25:41 MST" description="Runs Cucumber Scenarios" data-provider="scenarios" finished-at="2022-03-10T00:26:05 MST">
          <params>
            <param index="0">
              <value>
                <![CDATA["TC003_CreateLead"]]>
              </value>
            </param>
            <param index="1">
              <value>
                <![CDATA["Automate TestLeaf Application"]]>
              </value>
            </param>
          </params>
          <reporter-output>
          </reporter-output>
        </test-method> <!-- runScenario -->
        <test-method status="PASS" signature="runScenario(cucumber.api.testng.PickleEventWrapper, cucumber.api.testng.CucumberFeatureWrapper)[pri:0, instance:steps.TestRunner@27a5f880]" name="runScenario" duration-ms="20060" started-at="2022-03-10T00:26:05 MST" description="Runs Cucumber Scenarios" data-provider="scenarios" finished-at="2022-03-10T00:26:25 MST">
          <params>
            <param index="0">
              <value>
                <![CDATA["TC003_CreateLead"]]>
              </value>
            </param>
            <param index="1">
              <value>
                <![CDATA["Automate TestLeaf Application"]]>
              </value>
            </param>
          </params>
          <reporter-output>
          </reporter-output>
        </test-method> <!-- runScenario -->
        <test-method status="PASS" signature="runScenario(cucumber.api.testng.PickleEventWrapper, cucumber.api.testng.CucumberFeatureWrapper)[pri:0, instance:steps.TestRunner@27a5f880]" name="runScenario" duration-ms="23965" started-at="2022-03-10T00:26:25 MST" description="Runs Cucumber Scenarios" data-provider="scenarios" finished-at="2022-03-10T00:26:49 MST">
          <params>
            <param index="0">
              <value>
                <![CDATA["TC003_CreateLead"]]>
              </value>
            </param>
            <param index="1">
              <value>
                <![CDATA["Automate TestLeaf Application"]]>
              </value>
            </param>
          </params>
          <reporter-output>
          </reporter-output>
        </test-method> <!-- runScenario -->
        <test-method status="PASS" signature="tearDownClass()[pri:0, instance:steps.TestRunner@27a5f880]" name="tearDownClass" is-config="true" duration-ms="25" started-at="2022-03-10T00:26:49 MST" finished-at="2022-03-10T00:26:49 MST">
          <reporter-output>
          </reporter-output>
        </test-method> <!-- tearDownClass -->
      </class> <!-- steps.TestRunner -->
    </test> <!-- Default test -->
  </suite> <!-- Default suite -->
</testng-results>
